0 info it worked if it ends with ok
1 verbose cli [ 'c:\\Program Files\\nodejs\\node.exe',
1 verbose cli   'c:\\Program Files\\nodejs\\node_modules\\npm\\bin\\npm-cli.js',
1 verbose cli   'run',
1 verbose cli   'build' ]
2 info using npm@3.10.10
3 info using node@v6.11.2
4 verbose run-script [ 'prebuild', 'build', 'postbuild' ]
5 info lifecycle caf-receiver@1.0.0~prebuild: caf-receiver@1.0.0
6 silly lifecycle caf-receiver@1.0.0~prebuild: no script for prebuild, continuing
7 info lifecycle caf-receiver@1.0.0~build: caf-receiver@1.0.0
8 verbose lifecycle caf-receiver@1.0.0~build: unsafe-perm in lifecycle true
9 verbose lifecycle caf-receiver@1.0.0~build: PATH: C:\Users\Rihards\AppData\Roaming\nvm\v6.11.2\node_modules\npm\bin\node-gyp-bin;C:\Users\Rihards\Documents\Projects\BitmovinReceiver\node_modules\.bin;C:\Users\Rihards\Documents\Projects\BitmovinReceiver\node_modules\.bin;c:\program files (x86)\common files\intel\shared libraries\redist\intel64\compiler;c:\program files\graphicsmagick-1.3.31-q16;c:\program files (x86)\intel\intel(r) management engine components\icls\;c:\program files\intel\intel(r) management engine components\icls\;c:\programdata\oracle\java\javapath;c:\windows\system32;c:\windows;c:\windows\system32\wbem;c:\windows\system32\windowspowershell\v1.0\;c:\program files (x86)\wireless docking\;c:\users\rihards\appdata\roaming\nvm;c:\program files\git\cmd;c:\program files\dotnet\;c:\python27;c:\program files (x86)\bitvise ssh client;c:\program files (x86)\intel\intel(r) management engine components\dal;c:\program files\intel\intel(r) management engine components\dal;c:\program files (x86)\intel\intel(r) management engine components\ipt;c:\program files\intel\intel(r) management engine components\ipt;c:\windows\system32\openssh\;c:\program files\tortoisegit\bin;c:\go\bin;c:\program files\mingw-w64\x86_64-8.1.0-posix-seh-rt_v6-rev0\mingw64\bin;c:\program files\nodejs;c:\program files\amazon\awscliv2\;c:\drivers;c:\program files\gemalto\classic client\bin;c:\program files (x86)\gemalto\classic client\bin;c:\program files (x86)\idemia\awp\dlls;c:\program files\idemia\awp\dlls;c:\program files (x86)\eparaksts token signing\;C:\Program Files (x86)\NVIDIA Corporation\PhysX\Common;C:\WINDOWS\system32;C:\WINDOWS;C:\WINDOWS\System32\Wbem;C:\WINDOWS\System32\WindowsPowerShell\v1.0\;C:\WINDOWS\System32\OpenSSH\;C:\Program Files\NVIDIA Corporation\NVIDIA NvDLISR;C:\php;C:\ProgramData\ComposerSetup\bin;C:\Program Files\Git\cmd;C:\Users\Rihards\Anaconda3;C:\Users\Rihards\Anaconda3\Library\mingw-w64\bin;C:\Users\Rihards\Anaconda3\Library\usr\bin;C:\Users\Rihards\Anaconda3\Library\bin;C:\Users\Rihards\Anaconda3\Scripts;C:\Users\Rihards\AppData\Local\Microsoft\WindowsApps;C:\Users\Rihards\AppData\Roaming\nvm;C:\Program Files\nodejs;C:\Users\Rihards\AppData\Local\Programs\Fiddler;C:\Users\Rihards\AppData\Local\Microsoft\WindowsApps;C:\Users\Rihards\go\bin;C:\Program Files\mingw-w64\x86_64-8.1.0-posix-seh-rt_v6-rev0\mingw64\bin;C:\Users\Rihards\AppData\Roaming\nvm;C:\Program Files\nodejs;C:\Users\Rihards\AppData\Roaming\Composer\vendor\bin;C:\Users\Rihards\.dotnet\tools
10 verbose lifecycle caf-receiver@1.0.0~build: CWD: C:\Users\Rihards\Documents\Projects\BitmovinReceiver
11 silly lifecycle caf-receiver@1.0.0~build: Args: [ '/d /s /c', 'webpack --env prod --mode production' ]
12 silly lifecycle caf-receiver@1.0.0~build: Returned: code: 2  signal: null
13 info lifecycle caf-receiver@1.0.0~build: Failed to exec build script
14 verbose stack Error: caf-receiver@1.0.0 build: `webpack --env prod --mode production`
14 verbose stack Exit status 2
14 verbose stack     at EventEmitter.<anonymous> (C:\Users\Rihards\AppData\Roaming\nvm\v6.11.2\node_modules\npm\lib\utils\lifecycle.js:255:16)
14 verbose stack     at emitTwo (events.js:106:13)
14 verbose stack     at EventEmitter.emit (events.js:191:7)
14 verbose stack     at ChildProcess.<anonymous> (C:\Users\Rihards\AppData\Roaming\nvm\v6.11.2\node_modules\npm\lib\utils\spawn.js:40:14)
14 verbose stack     at emitTwo (events.js:106:13)
14 verbose stack     at ChildProcess.emit (events.js:191:7)
14 verbose stack     at maybeClose (internal/child_process.js:891:16)
14 verbose stack     at Process.ChildProcess._handle.onexit (internal/child_process.js:226:5)
15 verbose pkgid caf-receiver@1.0.0
16 verbose cwd C:\Users\Rihards\Documents\Projects\BitmovinReceiver
17 error Windows_NT 10.0.19042
18 error argv "c:\\Program Files\\nodejs\\node.exe" "c:\\Program Files\\nodejs\\node_modules\\npm\\bin\\npm-cli.js" "run" "build"
19 error node v6.11.2
20 error npm  v3.10.10
21 error code ELIFECYCLE
22 error caf-receiver@1.0.0 build: `webpack --env prod --mode production`
22 error Exit status 2
23 error Failed at the caf-receiver@1.0.0 build script 'webpack --env prod --mode production'.
23 error Make sure you have the latest version of node.js and npm installed.
23 error If you do, this is most likely a problem with the caf-receiver package,
23 error not with npm itself.
23 error Tell the author that this fails on your system:
23 error     webpack --env prod --mode production
23 error You can get information on how to open an issue for this project with:
23 error     npm bugs caf-receiver
23 error Or if that isn't available, you can get their info via:
23 error     npm owner ls caf-receiver
23 error There is likely additional logging output above.
24 verbose exit [ 1, true ]
